# JRE version: OpenJDK Runtime Environment (8.0_232-b09) (build 1.8.0_232-b09)
# Java VM: OpenJDK 64-Bit Server VM (25.232-b09 mixed mode linux-amd64 compressed oops)
Heap:
 PSYoungGen      total 153088K, used 117574K [0x00000000f5580000, 0x0000000100000000, 0x0000000100000000)
  eden space 131584K, 89% used [0x00000000f5580000,0x00000000fc851940,0x00000000fd600000)
  from space 21504K, 0% used [0x00000000feb00000,0x00000000feb00000,0x0000000100000000)
  to   space 21504K, 0% used [0x00000000fd600000,0x00000000fd600000,0x00000000feb00000)
 ParOldGen       total 164864K, used 15233K [0x00000000e0000000, 0x00000000ea100000, 0x00000000f5580000)
  object space 164864K, 9% used [0x00000000e0000000,0x00000000e0ee05d8,0x00000000ea100000)
 Metaspace       used 24929K, capacity 25226K, committed 25392K, reserved 1071104K
  class space    used 2682K, capacity 2763K, committed 2864K, reserved 1048576K
GC Heap History (6 events):
Event: 28.717 GC heap before
{Heap before GC invocations=1 (full 0):
 PSYoungGen      total 153088K, used 131584K [0x00000000f5580000, 0x0000000100000000, 0x0000000100000000)
  eden space 131584K, 100% used [0x00000000f5580000,0x00000000fd600000,0x00000000fd600000)
  from space 21504K, 0% used [0x00000000feb00000,0x00000000feb00000,0x0000000100000000)
  to   space 21504K, 0% used [0x00000000fd600000,0x00000000fd600000,0x00000000feb00000)
 ParOldGen       total 349696K, used 0K [0x00000000e0000000, 0x00000000f5580000, 0x00000000f5580000)
  object space 349696K, 0% used [0x00000000e0000000,0x00000000e0000000,0x00000000f5580000)
 Metaspace       used 18176K, capacity 18500K, committed 18688K, reserved 1067008K
  class space    used 1888K, capacity 1974K, committed 2048K, reserved 1048576K
Event: 28.737 GC heap after
Heap after GC invocations=1 (full 0):
 PSYoungGen      total 153088K, used 21475K [0x00000000f5580000, 0x0000000100000000, 0x0000000100000000)
  eden space 131584K, 0% used [0x00000000f5580000,0x00000000f5580000,0x00000000fd600000)
  from space 21504K, 99% used [0x00000000fd600000,0x00000000feaf8e78,0x00000000feb00000)
  to   space 21504K, 0% used [0x00000000feb00000,0x00000000feb00000,0x0000000100000000)
 ParOldGen       total 349696K, used 569K [0x00000000e0000000, 0x00000000f5580000, 0x00000000f5580000)
  object space 349696K, 0% used [0x00000000e0000000,0x00000000e008e640,0x00000000f5580000)
 Metaspace       used 18176K, capacity 18500K, committed 18688K, reserved 1067008K
  class space    used 1888K, capacity 1974K, committed 2048K, reserved 1048576K
}
Event: 29.562 GC heap before
{Heap before GC invocations=2 (full 0):
 PSYoungGen      total 153088K, used 46579K [0x00000000f5580000, 0x0000000100000000, 0x0000000100000000)
  eden space 131584K, 19% used [0x00000000f5580000,0x00000000f6e04020,0x00000000fd600000)
  from space 21504K, 99% used [0x00000000fd600000,0x00000000feaf8e78,0x00000000feb00000)
  to   space 21504K, 0% used [0x00000000feb00000,0x00000000feb00000,0x0000000100000000)
 ParOldGen       total 349696K, used 569K [0x00000000e0000000, 0x00000000f5580000, 0x00000000f5580000)
  object space 349696K, 0% used [0x00000000e0000000,0x00000000e008e640,0x00000000f5580000)
 Metaspace       used 20900K, capacity 21192K, committed 21296K, reserved 1069056K
  class space    used 2250K, capacity 2332K, committed 2352K, reserved 1048576K
Event: 29.577 GC heap after
Heap after GC invocations=2 (full 0):
 PSYoungGen      total 153088K, used 16135K [0x00000000f5580000, 0x0000000100000000, 0x0000000100000000)
  eden space 131584K, 0% used [0x00000000f5580000,0x00000000f5580000,0x00000000fd600000)
  from space 21504K, 75% used [0x00000000feb00000,0x00000000ffac1ca0,0x0000000100000000)
  to   space 21504K, 0% used [0x00000000fd600000,0x00000000fd600000,0x00000000feb00000)
 ParOldGen       total 349696K, used 577K [0x00000000e0000000, 0x00000000f5580000, 0x00000000f5580000)
  object space 349696K, 0% used [0x00000000e0000000,0x00000000e0090640,0x00000000f5580000)
 Metaspace       used 20900K, capacity 21192K, committed 21296K, reserved 1069056K
  class space    used 2250K, capacity 2332K, committed 2352K, reserved 1048576K
}
Event: 29.577 GC heap before
{Heap before GC invocations=3 (full 1):
 PSYoungGen      total 153088K, used 16135K [0x00000000f5580000, 0x0000000100000000, 0x0000000100000000)
  eden space 131584K, 0% used [0x00000000f5580000,0x00000000f5580000,0x00000000fd600000)
  from space 21504K, 75% used [0x00000000feb00000,0x00000000ffac1ca0,0x0000000100000000)
  to   space 21504K, 0% used [0x00000000fd600000,0x00000000fd600000,0x00000000feb00000)
 ParOldGen       total 349696K, used 577K [0x00000000e0000000, 0x00000000f5580000, 0x00000000f5580000)
  object space 349696K, 0% used [0x00000000e0000000,0x00000000e0090640,0x00000000f5580000)
 Metaspace       used 20900K, capacity 21192K, committed 21296K, reserved 1069056K
  class space    used 2250K, capacity 2332K, committed 2352K, reserved 1048576K
Event: 29.617 GC heap after
Heap after GC invocations=3 (full 1):
 PSYoungGen      total 153088K, used 0K [0x00000000f5580000, 0x0000000100000000, 0x0000000100000000)
  eden space 131584K, 0% used [0x00000000f5580000,0x00000000f5580000,0x00000000fd600000)
  from space 21504K, 0% used [0x00000000feb00000,0x00000000feb00000,0x0000000100000000)
  to   space 21504K, 0% used [0x00000000fd600000,0x00000000fd600000,0x00000000feb00000)
 ParOldGen       total 164864K, used 15233K [0x00000000e0000000, 0x00000000ea100000, 0x00000000f5580000)
  object space 164864K, 9% used [0x00000000e0000000,0x00000000e0ee05d8,0x00000000ea100000)
 Metaspace       used 20900K, capacity 21192K, committed 21296K, reserved 1069056K
  class space    used 2250K, capacity 2332K, committed 2352K, reserved 1048576K
}

